2026-01-10 19:21:31 | CRITICAL | __main__ | __init__:80 | ❌ FATAL: App initialization failed: unknown color name "5#E5E5E"
Traceback (most recent call last):
  File "C:\Users\Yiannis\PycharmProjects\Python-HVACR-Maintenance\main.py", line 64, in __init__
    self.create_layout()
  File "C:\Users\Yiannis\PycharmProjects\Python-HVACR-Maintenance\main.py", line 104, in create_layout
    self.create_sidebar()
  File "C:\Users\Yiannis\PycharmProjects\Python-HVACR-Maintenance\main.py", line 170, in create_sidebar
    btn = ctk.CTkButton(
          ^^^^^^^^^^^^^^
  File "C:\Users\Yiannis\AppData\Local\Programs\Python\Python312\Lib\site-packages\customtkinter\windows\widgets\ctk_button.py", line 106, in __init__
    self._draw()
  File "C:\Users\Yiannis\AppData\Local\Programs\Python\Python312\Lib\site-packages\customtkinter\windows\widgets\ctk_button.py", line 206, in _draw
    self._canvas.itemconfig("border_parts",
  File "C:\Users\Yiannis\AppData\Local\Programs\Python\Python312\Lib\site-packages\customtkinter\windows\widgets\core_rendering\ctk_canvas.py", line 115, in itemconfig
    super().itemconfigure(configure_id, *args, **kwargs_except_outline)
  File "C:\Users\Yiannis\AppData\Local\Programs\Python\Python312\Lib\tkinter\__init__.py", line 2990, in itemconfigure
    return self._configure(('itemconfigure', tagOrId), cnf, kw)
           ^^^^^^^^^^^^^^^^^^^^^^^^^^^^^^^^^^^^^^^^^^^^^^^^^^^^
  File "C:\Users\Yiannis\AppData\Local\Programs\Python\Python312\Lib\tkinter\__init__.py", line 1712, in _configure
    self.tk.call(_flatten((self._w, cmd)) + self._options(cnf))
_tkinter.TclError: unknown color name "5#E5E5E"
2026-01-10 19:21:31 | CRITICAL | __main__ | __init__:80 | ❌ FATAL: App initialization failed: unknown color name "5#E5E5E"
Traceback (most recent call last):
  File "C:\Users\Yiannis\PycharmProjects\Python-HVACR-Maintenance\main.py", line 64, in __init__
    self.create_layout()
  File "C:\Users\Yiannis\PycharmProjects\Python-HVACR-Maintenance\main.py", line 104, in create_layout
    self.create_sidebar()
  File "C:\Users\Yiannis\PycharmProjects\Python-HVACR-Maintenance\main.py", line 170, in create_sidebar
    btn = ctk.CTkButton(
          ^^^^^^^^^^^^^^
  File "C:\Users\Yiannis\AppData\Local\Programs\Python\Python312\Lib\site-packages\customtkinter\windows\widgets\ctk_button.py", line 106, in __init__
    self._draw()
  File "C:\Users\Yiannis\AppData\Local\Programs\Python\Python312\Lib\site-packages\customtkinter\windows\widgets\ctk_button.py", line 206, in _draw
    self._canvas.itemconfig("border_parts",
  File "C:\Users\Yiannis\AppData\Local\Programs\Python\Python312\Lib\site-packages\customtkinter\windows\widgets\core_rendering\ctk_canvas.py", line 115, in itemconfig
    super().itemconfigure(configure_id, *args, **kwargs_except_outline)
  File "C:\Users\Yiannis\AppData\Local\Programs\Python\Python312\Lib\tkinter\__init__.py", line 2990, in itemconfigure
    return self._configure(('itemconfigure', tagOrId), cnf, kw)
           ^^^^^^^^^^^^^^^^^^^^^^^^^^^^^^^^^^^^^^^^^^^^^^^^^^^^
  File "C:\Users\Yiannis\AppData\Local\Programs\Python\Python312\Lib\tkinter\__init__.py", line 1712, in _configure
    self.tk.call(_flatten((self._w, cmd)) + self._options(cnf))
_tkinter.TclError: unknown color name "5#E5E5E"
